Copyright 1986-2023 Xilinx, Inc. All Rights Reserved.
--------------------------------------------------------------------------------------
| Tool Version : Vivado v.2022.2.2 (lin64) Build 3788238 Tue Feb 21 19:59:23 MST 2023
| Date         : Sun Aug 17 09:49:52 2025
| Host         : work5.itiv.kit.edu running 64-bit Rocky Linux 9.6 (Blue Onyx)
| Command      : upgrade_ip
| Device       : xczu9eg-ffvb1156-2-e
--------------------------------------------------------------------------------------

Upgrade Log for IP 'can_test_Gateway_Logik_0_0'

1. Summary
----------

SUCCESS in the upgrade of can_test_Gateway_Logik_0_0 (user.org:user:Gateway_Logik:1.1) from (Rev. 19) to (Rev. 20)






Copyright 1986-2023 Xilinx, Inc. All Rights Reserved.
--------------------------------------------------------------------------------------
| Tool Version : Vivado v.2022.2.2 (lin64) Build 3788238 Tue Feb 21 19:59:23 MST 2023
| Date         : Sun Aug 17 09:38:22 2025
| Host         : work5.itiv.kit.edu running 64-bit Rocky Linux 9.6 (Blue Onyx)
| Command      : upgrade_ip
| Device       : xczu9eg-ffvb1156-2-e
--------------------------------------------------------------------------------------

Upgrade Log for IP 'can_test_Gateway_Logik_0_0'

1. Summary
----------

SUCCESS in the upgrade of can_test_Gateway_Logik_0_0 (user.org:user:Gateway_Logik:1.1) from (Rev. 18) to (Rev. 19)






Copyright 1986-2023 Xilinx, Inc. All Rights Reserved.
--------------------------------------------------------------------------------------
| Tool Version : Vivado v.2022.2.2 (lin64) Build 3788238 Tue Feb 21 19:59:23 MST 2023
| Date         : Sun Aug 17 09:13:38 2025
| Host         : work5.itiv.kit.edu running 64-bit Rocky Linux 9.6 (Blue Onyx)
| Command      : upgrade_ip
| Device       : xczu9eg-ffvb1156-2-e
--------------------------------------------------------------------------------------

Upgrade Log for IP 'can_test_Gateway_Logik_0_0'

1. Summary
----------

SUCCESS in the upgrade of can_test_Gateway_Logik_0_0 (user.org:user:Gateway_Logik:1.1) from (Rev. 17) to (Rev. 18)






Copyright 1986-2023 Xilinx, Inc. All Rights Reserved.
--------------------------------------------------------------------------------------
| Tool Version : Vivado v.2022.2.2 (lin64) Build 3788238 Tue Feb 21 19:59:23 MST 2023
| Date         : Sun Aug 17 08:54:41 2025
| Host         : work5.itiv.kit.edu running 64-bit Rocky Linux 9.6 (Blue Onyx)
| Command      : upgrade_ip
| Device       : xczu9eg-ffvb1156-2-e
--------------------------------------------------------------------------------------

Upgrade Log for IP 'can_test_Gateway_Logik_0_0'

1. Summary
----------

SUCCESS in the upgrade of can_test_Gateway_Logik_0_0 (user.org:user:Gateway_Logik:1.1) from (Rev. 16) to (Rev. 17)






Copyright 1986-2023 Xilinx, Inc. All Rights Reserved.
--------------------------------------------------------------------------------------
| Tool Version : Vivado v.2022.2.2 (lin64) Build 3788238 Tue Feb 21 19:59:23 MST 2023
| Date         : Sat Aug 16 22:51:48 2025
| Host         : work5.itiv.kit.edu running 64-bit Rocky Linux 9.6 (Blue Onyx)
| Command      : upgrade_ip
| Device       : xczu9eg-ffvb1156-2-e
--------------------------------------------------------------------------------------

Upgrade Log for IP 'can_test_Gateway_Logik_0_0'

1. Summary
----------

SUCCESS in the upgrade of can_test_Gateway_Logik_0_0 (user.org:user:Gateway_Logik:1.1) from (Rev. 15) to (Rev. 16)






Copyright 1986-2023 Xilinx, Inc. All Rights Reserved.
--------------------------------------------------------------------------------------
| Tool Version : Vivado v.2022.2.2 (lin64) Build 3788238 Tue Feb 21 19:59:23 MST 2023
| Date         : Sat Aug 16 21:37:32 2025
| Host         : work5.itiv.kit.edu running 64-bit Rocky Linux 9.6 (Blue Onyx)
| Command      : upgrade_ip
| Device       : xczu9eg-ffvb1156-2-e
--------------------------------------------------------------------------------------

Upgrade Log for IP 'can_test_Gateway_Logik_0_0'

1. Summary
----------

SUCCESS in the upgrade of can_test_Gateway_Logik_0_0 (user.org:user:Gateway_Logik:1.1) from (Rev. 14) to (Rev. 15)






Copyright 1986-2023 Xilinx, Inc. All Rights Reserved.
--------------------------------------------------------------------------------------
| Tool Version : Vivado v.2022.2.2 (lin64) Build 3788238 Tue Feb 21 19:59:23 MST 2023
| Date         : Sat Aug 16 21:15:11 2025
| Host         : work5.itiv.kit.edu running 64-bit Rocky Linux 9.6 (Blue Onyx)
| Command      : upgrade_ip
| Device       : xczu9eg-ffvb1156-2-e
--------------------------------------------------------------------------------------

Upgrade Log for IP 'can_test_Gateway_Logik_0_0'

1. Summary
----------

SUCCESS in the upgrade of can_test_Gateway_Logik_0_0 (user.org:user:Gateway_Logik:1.1) from (Rev. 13) to (Rev. 14)






Copyright 1986-2023 Xilinx, Inc. All Rights Reserved.
--------------------------------------------------------------------------------------
| Tool Version : Vivado v.2022.2.2 (lin64) Build 3788238 Tue Feb 21 19:59:23 MST 2023
| Date         : Sat Aug 16 21:02:32 2025
| Host         : work5.itiv.kit.edu running 64-bit Rocky Linux 9.6 (Blue Onyx)
| Command      : upgrade_ip
| Device       : xczu9eg-ffvb1156-2-e
--------------------------------------------------------------------------------------

Upgrade Log for IP 'can_test_Gateway_Logik_0_0'

1. Summary
----------

SUCCESS in the upgrade of can_test_Gateway_Logik_0_0 (user.org:user:Gateway_Logik:1.1) from (Rev. 12) to (Rev. 13)






Copyright 1986-2023 Xilinx, Inc. All Rights Reserved.
--------------------------------------------------------------------------------------
| Tool Version : Vivado v.2022.2.2 (lin64) Build 3788238 Tue Feb 21 19:59:23 MST 2023
| Date         : Sat Aug 16 20:23:59 2025
| Host         : work5.itiv.kit.edu running 64-bit Rocky Linux 9.6 (Blue Onyx)
| Command      : upgrade_ip
| Device       : xczu9eg-ffvb1156-2-e
--------------------------------------------------------------------------------------

Upgrade Log for IP 'can_test_Gateway_Logik_0_0'

1. Summary
----------

SUCCESS in the upgrade of can_test_Gateway_Logik_0_0 (user.org:user:Gateway_Logik:1.1) from (Rev. 11) to (Rev. 12)






Copyright 1986-2023 Xilinx, Inc. All Rights Reserved.
--------------------------------------------------------------------------------------
| Tool Version : Vivado v.2022.2.2 (lin64) Build 3788238 Tue Feb 21 19:59:23 MST 2023
| Date         : Sat Aug 16 18:17:29 2025
| Host         : work5.itiv.kit.edu running 64-bit Rocky Linux 9.6 (Blue Onyx)
| Command      : upgrade_ip
| Device       : xczu9eg-ffvb1156-2-e
--------------------------------------------------------------------------------------

Upgrade Log for IP 'can_test_Gateway_Logik_0_0'

1. Summary
----------

SUCCESS in the upgrade of can_test_Gateway_Logik_0_0 (user.org:user:Gateway_Logik:1.1) from (Rev. 10) to (Rev. 11)






Copyright 1986-2023 Xilinx, Inc. All Rights Reserved.
--------------------------------------------------------------------------------------
| Tool Version : Vivado v.2022.2.2 (lin64) Build 3788238 Tue Feb 21 19:59:23 MST 2023
| Date         : Sat Aug 16 12:32:28 2025
| Host         : work5.itiv.kit.edu running 64-bit Rocky Linux 9.6 (Blue Onyx)
| Command      : upgrade_ip
| Device       : xczu9eg-ffvb1156-2-e
--------------------------------------------------------------------------------------

Upgrade Log for IP 'can_test_Gateway_Logik_0_0'

1. Summary
----------

SUCCESS in the upgrade of can_test_Gateway_Logik_0_0 (user.org:user:Gateway_Logik:1.1) from (Rev. 9) to (Rev. 10)






Copyright 1986-2023 Xilinx, Inc. All Rights Reserved.
--------------------------------------------------------------------------------------
| Tool Version : Vivado v.2022.2.2 (lin64) Build 3788238 Tue Feb 21 19:59:23 MST 2023
| Date         : Sat Aug 16 12:03:12 2025
| Host         : work5.itiv.kit.edu running 64-bit Rocky Linux 9.6 (Blue Onyx)
| Command      : upgrade_ip
| Device       : xczu9eg-ffvb1156-2-e
--------------------------------------------------------------------------------------

Upgrade Log for IP 'can_test_Gateway_Logik_0_0'

1. Summary
----------

SUCCESS in the upgrade of can_test_Gateway_Logik_0_0 (user.org:user:Gateway_Logik:1.1) from (Rev. 8) to (Rev. 9)






Copyright 1986-2023 Xilinx, Inc. All Rights Reserved.
--------------------------------------------------------------------------------------
| Tool Version : Vivado v.2022.2.2 (lin64) Build 3788238 Tue Feb 21 19:59:23 MST 2023
| Date         : Sat Aug 16 11:37:39 2025
| Host         : work5.itiv.kit.edu running 64-bit Rocky Linux 9.6 (Blue Onyx)
| Command      : upgrade_ip
| Device       : xczu9eg-ffvb1156-2-e
--------------------------------------------------------------------------------------

Upgrade Log for IP 'can_test_Gateway_Logik_0_0'

1. Summary
----------

SUCCESS in the upgrade of can_test_Gateway_Logik_0_0 (user.org:user:Gateway_Logik:1.1) from (Rev. 7) to (Rev. 8)






Copyright 1986-2023 Xilinx, Inc. All Rights Reserved.
--------------------------------------------------------------------------------------
| Tool Version : Vivado v.2022.2.2 (lin64) Build 3788238 Tue Feb 21 19:59:23 MST 2023
| Date         : Sat Aug 16 11:24:50 2025
| Host         : work5.itiv.kit.edu running 64-bit Rocky Linux 9.6 (Blue Onyx)
| Command      : upgrade_ip
| Device       : xczu9eg-ffvb1156-2-e
--------------------------------------------------------------------------------------

Upgrade Log for IP 'can_test_Gateway_Logik_0_0'

1. Summary
----------

SUCCESS in the upgrade of can_test_Gateway_Logik_0_0 (user.org:user:Gateway_Logik:1.1) from (Rev. 6) to (Rev. 7)






Copyright 1986-2023 Xilinx, Inc. All Rights Reserved.
--------------------------------------------------------------------------------------
| Tool Version : Vivado v.2022.2.2 (lin64) Build 3788238 Tue Feb 21 19:59:23 MST 2023
| Date         : Sat Aug 16 01:21:16 2025
| Host         : work5.itiv.kit.edu running 64-bit Rocky Linux 9.6 (Blue Onyx)
| Command      : upgrade_ip
| Device       : xczu9eg-ffvb1156-2-e
--------------------------------------------------------------------------------------

Upgrade Log for IP 'can_test_Gateway_Logik_0_0'

1. Summary
----------

SUCCESS in the upgrade of can_test_Gateway_Logik_0_0 (user.org:user:Gateway_Logik:1.1) from (Rev. 5) to (Rev. 6)






Copyright 1986-2023 Xilinx, Inc. All Rights Reserved.
--------------------------------------------------------------------------------------
| Tool Version : Vivado v.2022.2.2 (lin64) Build 3788238 Tue Feb 21 19:59:23 MST 2023
| Date         : Sat Aug 16 01:01:13 2025
| Host         : work5.itiv.kit.edu running 64-bit Rocky Linux 9.6 (Blue Onyx)
| Command      : upgrade_ip
| Device       : xczu9eg-ffvb1156-2-e
--------------------------------------------------------------------------------------

Upgrade Log for IP 'can_test_Gateway_Logik_0_0'

1. Summary
----------

SUCCESS in the upgrade of can_test_Gateway_Logik_0_0 (user.org:user:Gateway_Logik:1.1) from (Rev. 4) to (Rev. 5)






Copyright 1986-2023 Xilinx, Inc. All Rights Reserved.
--------------------------------------------------------------------------------------
| Tool Version : Vivado v.2022.2.2 (lin64) Build 3788238 Tue Feb 21 19:59:23 MST 2023
| Date         : Sat Aug 16 00:21:19 2025
| Host         : work5.itiv.kit.edu running 64-bit Rocky Linux 9.6 (Blue Onyx)
| Command      : upgrade_ip
| Device       : xczu9eg-ffvb1156-2-e
--------------------------------------------------------------------------------------

Upgrade Log for IP 'can_test_Gateway_Logik_0_0'

1. Summary
----------

SUCCESS in the upgrade of can_test_Gateway_Logik_0_0 (user.org:user:Gateway_Logik:1.1) from (Rev. 2) to (Rev. 4)






Copyright 1986-2023 Xilinx, Inc. All Rights Reserved.
--------------------------------------------------------------------------------------
| Tool Version : Vivado v.2022.2.2 (lin64) Build 3788238 Tue Feb 21 19:59:23 MST 2023
| Date         : Thu Aug 14 04:35:40 2025
| Host         : work5.itiv.kit.edu running 64-bit Rocky Linux 9.6 (Blue Onyx)
| Command      : upgrade_ip
| Device       : xczu9eg-ffvb1156-2-e
--------------------------------------------------------------------------------------

Upgrade Log for IP 'can_test_Gateway_Logik_0_0'

1. Summary
----------

SUCCESS in the upgrade of can_test_Gateway_Logik_0_0 (user.org:user:Gateway_Logik:1.1) from (Rev. 1) to (Rev. 2)






Copyright 1986-2023 Xilinx, Inc. All Rights Reserved.
--------------------------------------------------------------------------------------
| Tool Version : Vivado v.2022.2.2 (lin64) Build 3788238 Tue Feb 21 19:59:23 MST 2023
| Date         : Thu Aug 14 03:59:04 2025
| Host         : work5.itiv.kit.edu running 64-bit Rocky Linux 9.6 (Blue Onyx)
| Command      : upgrade_ip
| Device       : xczu9eg-ffvb1156-2-e
--------------------------------------------------------------------------------------

Upgrade Log for IP 'can_test_Gateway_Logik_0_0'

1. Summary
----------

SUCCESS in the upgrade of can_test_Gateway_Logik_0_0 from user.org:user:Gateway_Logik:1.0 (Rev. 8) to user.org:user:Gateway_Logik:1.1 (Rev. 1)

